
Collecting usage statistics. To deactivate, set browser.gatherUsageStats to false.

Traceback (most recent call last):
  File "/usr/lib/python3.10/runpy.py", line 196, in _run_module_as_main
    return _run_code(code, main_globals, None,
  File "/usr/lib/python3.10/runpy.py", line 86, in _run_code
    exec(code, run_globals)
  File "/sessions/optimistic-amazing-edison/.local/lib/python3.10/site-packages/streamlit/__main__.py", line 20, in <module>
    main(prog_name="streamlit")
  File "/usr/local/lib/python3.10/dist-packages/click/core.py", line 1524, in __call__
    return self.main(*args, **kwargs)
  File "/usr/local/lib/python3.10/dist-packages/click/core.py", line 1445, in main
    rv = self.invoke(ctx)
  File "/usr/local/lib/python3.10/dist-packages/click/core.py", line 1912, in invoke
    return _process_result(sub_ctx.command.invoke(sub_ctx))
  File "/usr/local/lib/python3.10/dist-packages/click/core.py", line 1308, in invoke
    return ctx.invoke(self.callback, **ctx.params)
  File "/usr/local/lib/python3.10/dist-packages/click/core.py", line 877, in invoke
    return callback(*args, **kwargs)
  File "/sessions/optimistic-amazing-edison/.local/lib/python3.10/site-packages/streamlit/web/cli.py", line 251, in main_run
    _main_run(path_str, args, flag_options=kwargs)
  File "/sessions/optimistic-amazing-edison/.local/lib/python3.10/site-packages/streamlit/web/cli.py", line 312, in _main_run
    discovery_result = discover_asgi_app(Path(main_script_path))
  File "/sessions/optimistic-amazing-edison/.local/lib/python3.10/site-packages/streamlit/web/server/app_discovery.py", line 370, in discover_asgi_app
    app_assignments = _find_asgi_app_assignments(source)
  File "/sessions/optimistic-amazing-edison/.local/lib/python3.10/site-packages/streamlit/web/server/app_discovery.py", line 282, in _find_asgi_app_assignments
    tree = ast.parse(source)
  File "/usr/lib/python3.10/ast.py", line 50, in parse
    return compile(source, filename, mode, flags,
ValueError: source code string cannot contain null bytes
